
                    Simulation Report

Simulation ended at time 500.33203
Statistics collected from instant 0.0 during 500.33203 time units.

          Observers' report
----------------------------------------------------------------------

Report from observer ACT_A2.2_OBS
Statistics summary:
Active state idle time (or inter-arrival time for Generate states):
Average: 60.62487 StdDev: 7.922564 Variance: 62.76702
 Minimum: 50.000008 Maximum: 69.556 Observations: 8
----------------------------------------------------------------------
----------------------------------------------------------------------

Report from observer Q_FB1_OBS
Statistics summary:
Queue length:
Average: 0.15980594 StdDev: 0.3107315 Variance: 0.09655406
 Minimum: 0.0 Maximum: 1.0 Observations: 21
----------------------------------------------------------------------
----------------------------------------------------------------------

Report from observer ACT_FB2_OBS
Statistics summary:
Active state idle time (or inter-arrival time for Generate states):
Average: 33.22329 StdDev: 29.941616 Variance: 896.50037
 Minimum: 7.2579956 Maximum: 116.241005 Observations: 14
----------------------------------------------------------------------
----------------------------------------------------------------------

Report from observer Q_A1_OBS
Statistics summary:
Queue length:
Average: 0.0 StdDev: 0.0 Variance: 0.0
 Minimum: 0.0 Maximum: 0.0 Observations: 12
----------------------------------------------------------------------
----------------------------------------------------------------------

Report from observer Q_A2_OBS
Statistics summary:
Queue length:
Average: 1.7172334 StdDev: 1.7145737 Variance: 2.9397633
 Minimum: 0.0 Maximum: 5.0 Observations: 30
----------------------------------------------------------------------
----------------------------------------------------------------------

Report from observer ACT_A3_OBS
Statistics summary:
Active state idle time (or inter-arrival time for Generate states):
Average: 20.810253 StdDev: 32.23861 Variance: 1039.328
 Minimum: 2.7570038 Maximum: 68.998 Observations: 4
----------------------------------------------------------------------
----------------------------------------------------------------------

Report from observer ACT_FB4_OBS
Statistics summary:
Active state idle time (or inter-arrival time for Generate states):
Average: 33.048714 StdDev: 30.278593 Variance: 916.7932
 Minimum: 6.442993 Maximum: 118.504005 Observations: 14
----------------------------------------------------------------------
----------------------------------------------------------------------

Report from observer Q_GEN_CONTROL_ACTION_OBS
Statistics summary:
Queue length:
Average: 2.7745457 StdDev: 3.3817225 Variance: 11.436048
 Minimum: 0.0 Maximum: 9.0 Observations: 10
----------------------------------------------------------------------
----------------------------------------------------------------------

Report from observer ACT_FB1_OBS
Statistics summary:
Active state idle time (or inter-arrival time for Generate states):
Average: 32.33979 StdDev: 31.08295 Variance: 966.1498
 Minimum: 5.3039856 Maximum: 121.171005 Observations: 14
----------------------------------------------------------------------
----------------------------------------------------------------------

Report from observer ACT_FB6_OBS
Statistics summary:
Active state idle time (or inter-arrival time for Generate states):
Average: 33.01385 StdDev: 31.325634 Variance: 981.2953
 Minimum: 3.8839722 Maximum: 121.14101 Observations: 14
----------------------------------------------------------------------
----------------------------------------------------------------------

Report from observer Q_FB5_OBS
Statistics summary:
Queue length:
Average: 0.0 StdDev: 0.0 Variance: 0.0
 Minimum: 0.0 Maximum: 0.0 Observations: 14
----------------------------------------------------------------------
----------------------------------------------------------------------

Report from observer Q_FB3_OBS
Statistics summary:
Queue length:
Average: 0.0 StdDev: 0.0 Variance: 0.0
 Minimum: 0.0 Maximum: 0.0 Observations: 14
----------------------------------------------------------------------
----------------------------------------------------------------------

Report from observer Q_GEN_API_DATA_OBS
Statistics summary:
Queue length:
Average: 0.0048847566 StdDev: 0.014654269 Variance: 2.1474762E-4
 Minimum: 0.0 Maximum: 1.0 Observations: 9
----------------------------------------------------------------------
----------------------------------------------------------------------

Report from observer GEN_API_DATA_OBS
Statistics summary:
Active state idle time (or inter-arrival time for Generate states):
Average: 60.99938 StdDev: 7.55964 Variance: 57.14816
 Minimum: 50.99901 Maximum: 72.0 Observations: 8
----------------------------------------------------------------------
----------------------------------------------------------------------

Report from observer GEN_CONTROL_ACTION_OBS
Statistics summary:
Active state idle time (or inter-arrival time for Generate states):
Average: 33.117 StdDev: 23.057383 Variance: 531.6429
 Minimum: 1.368988 Maximum: 65.434006 Observations: 15
----------------------------------------------------------------------
----------------------------------------------------------------------

Report from observer Q_A3_OBS
Statistics summary:
Queue length:
Average: 0.0 StdDev: 0.0 Variance: 0.0
 Minimum: 0.0 Maximum: 0.0 Observations: 14
----------------------------------------------------------------------
----------------------------------------------------------------------

Report from observer ACT_FB5_OBS
Statistics summary:
Active state idle time (or inter-arrival time for Generate states):
Average: 32.22829 StdDev: 30.781921 Variance: 947.52673
 Minimum: 3.7879944 Maximum: 118.990005 Observations: 14
----------------------------------------------------------------------
----------------------------------------------------------------------

Report from observer ACT_A1_OBS
Statistics summary:
Active state idle time (or inter-arrival time for Generate states):
Average: 36.052 StdDev: 45.244606 Variance: 2047.0742
 Minimum: 2.1409912 Maximum: 122.71001 Observations: 6
----------------------------------------------------------------------
----------------------------------------------------------------------

Report from observer ACT_FB3_OBS
Statistics summary:
Active state idle time (or inter-arrival time for Generate states):
Average: 32.402573 StdDev: 30.112942 Variance: 906.7893
 Minimum: 5.1319885 Maximum: 116.94301 Observations: 14
----------------------------------------------------------------------
----------------------------------------------------------------------

Report from observer Q_CONTROL_ALG_OBS
Statistics summary:
Queue length:
Average: 0.0025802567 StdDev: 0.008520165 Variance: 7.259321E-5
 Minimum: 0.0 Maximum: 1.0 Observations: 14
----------------------------------------------------------------------
----------------------------------------------------------------------

Report from observer ACT_A2.1_OBS
Statistics summary:
Active state idle time (or inter-arrival time for Generate states):
Average: 40.14825 StdDev: 34.40692 Variance: 1183.8363
 Minimum: 10.549011 Maximum: 140.18001 Observations: 12
----------------------------------------------------------------------
----------------------------------------------------------------------

Report from observer Q_FB4_OBS
Statistics summary:
Queue length:
Average: 0.0 StdDev: 0.0 Variance: 0.0
 Minimum: 0.0 Maximum: 0.0 Observations: 14
----------------------------------------------------------------------
----------------------------------------------------------------------

Report from observer Q_FB6_OBS
Statistics summary:
Queue length:
Average: 0.0 StdDev: 0.0 Variance: 0.0
 Minimum: 0.0 Maximum: 0.0 Observations: 14
----------------------------------------------------------------------
----------------------------------------------------------------------

Report from observer Q_FB2_OBS
Statistics summary:
Queue length:
Average: 0.0 StdDev: 0.0 Variance: 0.0
 Minimum: 0.0 Maximum: 0.0 Observations: 14
----------------------------------------------------------------------

          Histograms' report

Simulation Report End
